INFO 2026-03-26 11:12:45 userbot 1 128122625794816 ❤️ Trying to write heartbeat...
INFO 2026-03-26 11:12:45 userbot 1 128122625794816 ❤️ Heartbeat written to cache
INFO 2026-03-26 11:14:45 userbot 1 128122625794816 ❤️ Trying to write heartbeat...
INFO 2026-03-26 11:14:45 userbot 1 128122625794816 ❤️ Heartbeat written to cache
INFO 2026-03-26 11:16:45 userbot 1 128122625794816 ❤️ Trying to write heartbeat...
INFO 2026-03-26 11:16:45 userbot 1 128122625794816 ❤️ Heartbeat written to cache
INFO 2026-03-26 11:18:45 userbot 1 128122625794816 ❤️ Trying to write heartbeat...
INFO 2026-03-26 11:18:45 userbot 1 128122625794816 ❤️ Heartbeat written to cache
INFO 2026-03-26 11:19:40 userbot 1 128122625794816 💬 Incoming text from 823905901: Добрый день, да
INFO 2026-03-26 11:19:41 userbot 1 128122625794816 💬 Incoming text from 823905901: ждём
INFO 2026-03-26 11:20:45 userbot 1 128122625794816 ❤️ Trying to write heartbeat...
INFO 2026-03-26 11:20:45 userbot 1 128122625794816 ❤️ Heartbeat written to cache
INFO 2026-03-26 11:21:37 userbot 1 128122625794816 💬 Incoming text from 823905901: 229052
INFO 2026-03-26 11:22:45 userbot 1 128122625794816 ❤️ Trying to write heartbeat...
INFO 2026-03-26 11:22:45 userbot 1 128122625794816 ❤️ Heartbeat written to cache
INFO 2026-03-26 11:24:45 userbot 1 128122625794816 ❤️ Trying to write heartbeat...
INFO 2026-03-26 11:24:45 userbot 1 128122625794816 ❤️ Heartbeat written to cache
INFO 2026-03-26 11:26:45 userbot 1 128122625794816 ❤️ Trying to write heartbeat...
INFO 2026-03-26 11:26:45 userbot 1 128122625794816 ❤️ Heartbeat written to cache
INFO 2026-03-26 11:28:17 userbot 1 128122625794816 ✨ Created new client 1985589038 with phone +79165046976
INFO 2026-03-26 11:28:17 userbot 1 128122625794816 ✅ Found existing client 1985589038
INFO 2026-03-26 11:28:17 userbot 1 128122625794816 💬 Incoming text from 1985589038: +79990012647
Никита
INFO 2026-03-26 11:28:17 userbot 1 128122625794816 💬 Incoming text from 1985589038: Добрый день, есть человек который тоже хочет подат
INFO 2026-03-26 11:28:35 userbot 1 128122625794816 💬 Incoming text from 928612597: Добрый день, оплату произведу с 10-13 апреля
INFO 2026-03-26 11:28:45 userbot 1 128122625794816 ❤️ Trying to write heartbeat...
INFO 2026-03-26 11:28:45 userbot 1 128122625794816 ❤️ Heartbeat written to cache
INFO 2026-03-26 11:29:07 userbot 1 128122625794816 📖 Marked 14 messages as read for client 928612597
INFO 2026-03-26 11:30:45 userbot 1 128122625794816 ❤️ Trying to write heartbeat...
INFO 2026-03-26 11:30:45 userbot 1 128122625794816 ❤️ Heartbeat written to cache
INFO 2026-03-26 11:32:45 userbot 1 128122625794816 ❤️ Trying to write heartbeat...
INFO 2026-03-26 11:32:45 userbot 1 128122625794816 ❤️ Heartbeat written to cache
INFO 2026-03-26 11:33:17 userbot 1 128122625794816 💬 Incoming text from 1985589038: Пожалуйста)
INFO 2026-03-26 11:34:45 userbot 1 128122625794816 ❤️ Trying to write heartbeat...
INFO 2026-03-26 11:34:45 userbot 1 128122625794816 ❤️ Heartbeat written to cache
INFO 2026-03-26 11:36:45 userbot 1 128122625794816 ❤️ Trying to write heartbeat...
INFO 2026-03-26 11:36:45 userbot 1 128122625794816 ❤️ Heartbeat written to cache
INFO 2026-03-26 11:37:12 userbot 1 128122625794816 💬 Incoming text from 823905901: хорошо
INFO 2026-03-26 11:38:45 userbot 1 128122625794816 ❤️ Trying to write heartbeat...
INFO 2026-03-26 11:38:45 userbot 1 128122625794816 ❤️ Heartbeat written to cache
INFO 2026-03-26 11:40:20 userbot 1 128122625794816 ✨ Created new client 7489547443 with phone +79235804476
INFO 2026-03-26 11:40:20 userbot 1 128122625794816 📎 Downloaded video file: video.mp4 (86417 bytes)
INFO 2026-03-26 11:40:20 userbot 1 128122625794816 💬 Incoming video from 7489547443: video.mp4
INFO 2026-03-26 11:40:23 userbot 1 128122625794816 💬 Incoming text from 7489547443: Здравствуйте
INFO 2026-03-26 11:40:42 userbot 1 128122625794816 💬 Incoming text from 7489547443: Скиньте данные на кого делать доверенность
INFO 2026-03-26 11:40:45 userbot 1 128122625794816 ❤️ Trying to write heartbeat...
INFO 2026-03-26 11:40:45 userbot 1 128122625794816 ❤️ Heartbeat written to cache
INFO 2026-03-26 11:42:21 userbot 1 128122625794816 ✨ Created new client 7268583953 with phone +79086573664
INFO 2026-03-26 11:42:21 userbot 1 128122625794816 💬 Incoming text from 7268583953: Здравствуйте
INFO 2026-03-26 11:42:44 userbot 1 128122625794816 💬 Incoming text from 7268583953: Я Ангелина
INFO 2026-03-26 11:42:45 userbot 1 128122625794816 ❤️ Trying to write heartbeat...
INFO 2026-03-26 11:42:45 userbot 1 128122625794816 ❤️ Heartbeat written to cache
INFO 2026-03-26 11:44:45 userbot 1 128122625794816 ❤️ Trying to write heartbeat...
INFO 2026-03-26 11:44:45 userbot 1 128122625794816 ❤️ Heartbeat written to cache
INFO 2026-03-26 11:46:45 userbot 1 128122625794816 ❤️ Trying to write heartbeat...
INFO 2026-03-26 11:46:45 userbot 1 128122625794816 ❤️ Heartbeat written to cache
INFO 2026-03-26 11:48:45 userbot 1 128122625794816 ❤️ Trying to write heartbeat...
INFO 2026-03-26 11:48:45 userbot 1 128122625794816 ❤️ Heartbeat written to cache
INFO 2026-03-26 11:50:45 userbot 1 128122625794816 ❤️ Trying to write heartbeat...
INFO 2026-03-26 11:50:45 userbot 1 128122625794816 ❤️ Heartbeat written to cache
INFO 2026-03-26 11:52:45 userbot 1 128122625794816 ❤️ Trying to write heartbeat...
INFO 2026-03-26 11:52:45 userbot 1 128122625794816 ❤️ Heartbeat written to cache
INFO 2026-03-26 11:54:45 userbot 1 128122625794816 ❤️ Trying to write heartbeat...
INFO 2026-03-26 11:54:45 userbot 1 128122625794816 ❤️ Heartbeat written to cache
INFO 2026-03-26 11:56:45 userbot 1 128122625794816 ❤️ Trying to write heartbeat...
INFO 2026-03-26 11:56:45 userbot 1 128122625794816 ❤️ Heartbeat written to cache
INFO 2026-03-26 11:58:45 userbot 1 128122625794816 ❤️ Trying to write heartbeat...
INFO 2026-03-26 11:58:45 userbot 1 128122625794816 ❤️ Heartbeat written to cache
INFO 2026-03-26 12:00:45 userbot 1 128122625794816 ❤️ Trying to write heartbeat...
INFO 2026-03-26 12:00:45 userbot 1 128122625794816 ❤️ Heartbeat written to cache
INFO 2026-03-26 12:02:45 userbot 1 128122625794816 ❤️ Trying to write heartbeat...
INFO 2026-03-26 12:02:45 userbot 1 128122625794816 ❤️ Heartbeat written to cache
INFO 2026-03-26 12:04:45 userbot 1 128122625794816 ❤️ Trying to write heartbeat...
INFO 2026-03-26 12:04:45 userbot 1 128122625794816 ❤️ Heartbeat written to cache
INFO 2026-03-26 12:06:45 userbot 1 128122625794816 ❤️ Trying to write heartbeat...
INFO 2026-03-26 12:06:45 userbot 1 128122625794816 ❤️ Heartbeat written to cache
INFO 2026-03-26 12:08:45 userbot 1 128122625794816 ❤️ Trying to write heartbeat...
INFO 2026-03-26 12:08:45 userbot 1 128122625794816 ❤️ Heartbeat written to cache
INFO 2026-03-26 12:10:45 userbot 1 128122625794816 ❤️ Trying to write heartbeat...
INFO 2026-03-26 12:10:45 userbot 1 128122625794816 ❤️ Heartbeat written to cache
INFO 2026-03-26 12:12:45 userbot 1 128122625794816 ❤️ Trying to write heartbeat...
INFO 2026-03-26 12:12:45 userbot 1 128122625794816 ❤️ Heartbeat written to cache
INFO 2026-03-26 12:14:45 userbot 1 128122625794816 ❤️ Trying to write heartbeat...
INFO 2026-03-26 12:14:45 userbot 1 128122625794816 ❤️ Heartbeat written to cache
INFO 2026-03-26 12:16:45 userbot 1 128122625794816 ❤️ Trying to write heartbeat...
INFO 2026-03-26 12:16:45 userbot 1 128122625794816 ❤️ Heartbeat written to cache
INFO 2026-03-26 12:18:45 userbot 1 128122625794816 ❤️ Trying to write heartbeat...
INFO 2026-03-26 12:18:45 userbot 1 128122625794816 ❤️ Heartbeat written to cache
INFO 2026-03-26 12:20:45 userbot 1 128122625794816 ❤️ Trying to write heartbeat...
INFO 2026-03-26 12:20:45 userbot 1 128122625794816 ❤️ Heartbeat written to cache
INFO 2026-03-26 12:22:45 userbot 1 128122625794816 ❤️ Trying to write heartbeat...
INFO 2026-03-26 12:22:46 userbot 1 128122625794816 ❤️ Heartbeat written to cache
INFO 2026-03-26 12:24:46 userbot 1 128122625794816 ❤️ Trying to write heartbeat...
INFO 2026-03-26 12:24:46 userbot 1 128122625794816 ❤️ Heartbeat written to cache
INFO 2026-03-26 12:26:46 userbot 1 128122625794816 ❤️ Trying to write heartbeat...
INFO 2026-03-26 12:26:46 userbot 1 128122625794816 ❤️ Heartbeat written to cache
INFO 2026-03-26 12:28:46 userbot 1 128122625794816 ❤️ Trying to write heartbeat...
INFO 2026-03-26 12:28:46 userbot 1 128122625794816 ❤️ Heartbeat written to cache
INFO 2026-03-26 12:30:46 userbot 1 128122625794816 ❤️ Trying to write heartbeat...
INFO 2026-03-26 12:30:46 userbot 1 128122625794816 ❤️ Heartbeat written to cache
INFO 2026-03-26 12:32:46 userbot 1 128122625794816 ❤️ Trying to write heartbeat...
INFO 2026-03-26 12:32:46 userbot 1 128122625794816 ❤️ Heartbeat written to cache
INFO 2026-03-26 12:34:46 userbot 1 128122625794816 ❤️ Trying to write heartbeat...
INFO 2026-03-26 12:34:46 userbot 1 128122625794816 ❤️ Heartbeat written to cache
INFO 2026-03-26 12:36:46 userbot 1 128122625794816 ❤️ Trying to write heartbeat...
INFO 2026-03-26 12:36:46 userbot 1 128122625794816 ❤️ Heartbeat written to cache
INFO 2026-03-26 12:38:46 userbot 1 128122625794816 ❤️ Trying to write heartbeat...
INFO 2026-03-26 12:38:46 userbot 1 128122625794816 ❤️ Heartbeat written to cache
INFO 2026-03-26 12:40:01 userbot 1 128122625794816 💬 Incoming text from 5222228178: (916) 553-0861- Николай Васильевич, доброго дня.В 
INFO 2026-03-26 12:40:46 userbot 1 128122625794816 ❤️ Trying to write heartbeat...
INFO 2026-03-26 12:40:46 userbot 1 128122625794816 ❤️ Heartbeat written to cache
INFO 2026-03-26 12:42:46 userbot 1 128122625794816 ❤️ Trying to write heartbeat...
INFO 2026-03-26 12:42:46 userbot 1 128122625794816 ❤️ Heartbeat written to cache
INFO 2026-03-26 12:44:46 userbot 1 128122625794816 ❤️ Trying to write heartbeat...
INFO 2026-03-26 12:44:46 userbot 1 128122625794816 ❤️ Heartbeat written to cache
INFO 2026-03-26 12:46:10 userbot 1 128122625794816 💬 Incoming text from 928612597: 25000
INFO 2026-03-26 12:46:46 userbot 1 128122625794816 ❤️ Trying to write heartbeat...
INFO 2026-03-26 12:46:46 userbot 1 128122625794816 ❤️ Heartbeat written to cache
INFO 2026-03-26 12:48:46 userbot 1 128122625794816 ❤️ Trying to write heartbeat...
INFO 2026-03-26 12:48:46 userbot 1 128122625794816 ❤️ Heartbeat written to cache
INFO 2026-03-26 12:50:46 userbot 1 128122625794816 ❤️ Trying to write heartbeat...
INFO 2026-03-26 12:50:46 userbot 1 128122625794816 ❤️ Heartbeat written to cache
INFO 2026-03-26 12:52:46 userbot 1 128122625794816 ❤️ Trying to write heartbeat...
INFO 2026-03-26 12:52:46 userbot 1 128122625794816 ❤️ Heartbeat written to cache
INFO 2026-03-26 12:54:46 userbot 1 128122625794816 ❤️ Trying to write heartbeat...
INFO 2026-03-26 12:54:46 userbot 1 128122625794816 ❤️ Heartbeat written to cache
INFO 2026-03-26 12:56:46 userbot 1 128122625794816 ❤️ Trying to write heartbeat...
INFO 2026-03-26 12:56:46 userbot 1 128122625794816 ❤️ Heartbeat written to cache
INFO 2026-03-26 12:58:46 userbot 1 128122625794816 ❤️ Trying to write heartbeat...
INFO 2026-03-26 12:58:46 userbot 1 128122625794816 ❤️ Heartbeat written to cache
INFO 2026-03-26 13:00:46 userbot 1 128122625794816 ❤️ Trying to write heartbeat...
INFO 2026-03-26 13:00:46 userbot 1 128122625794816 ❤️ Heartbeat written to cache
INFO 2026-03-26 13:02:46 userbot 1 128122625794816 ❤️ Trying to write heartbeat...
INFO 2026-03-26 13:02:46 userbot 1 128122625794816 ❤️ Heartbeat written to cache
INFO 2026-03-26 13:04:46 userbot 1 128122625794816 ❤️ Trying to write heartbeat...
INFO 2026-03-26 13:04:46 userbot 1 128122625794816 ❤️ Heartbeat written to cache
INFO 2026-03-26 13:06:46 userbot 1 128122625794816 ❤️ Trying to write heartbeat...
INFO 2026-03-26 13:06:46 userbot 1 128122625794816 ❤️ Heartbeat written to cache
